[index.html]
[backblue.gif]
[fade.gif]
[index.html]
[fonts/font-awesome/5.14.0/css/all.min.css]
[index]
[about/index.html]
[website-tutor/cookiehinweis/script.2.delayed]
[contact/index.html]
[datenschutz/index.html]
[impressum/index.html]
[leadboxes/current/embed.js]
[Trident/index.html]
[recaptcha/api.js]
[index.html]
[fonts/font-awesome/5.14.0/css/all.min.css]
[about/index.html]
[contact/index.html]
[impressum/index.html]
[datenschutz/index.html]
[about/Trident/index.html]
[Trident/index.html]
[about/Trident/index.html]
[contact/Trident/index.html]
[contact/Trident/index.html]
[impressum/Trident/index.html]
[impressum/Trident/index.html]
[datenschutz/Trident/index.html]
[datenschutz/Trident/index.html]
